PS C:\Users\ahmed> & C:/Users/ahmed/AppData/Local/Microsoft/WindowsApps/python3.12.exe "c:/Users/ahmed/Desktop/lab tasks/210041258_task1_.py"
Store Name: Tech Hub
City: San Francisco
PS C:\Users\ahmed> 



PS C:\Users\ahmed> & C:/Users/ahmed/AppData/Local/Microsoft/WindowsApps/python3.12.exe "c:/Users/ahmed/Desktop/lab tasks/210041258_task2.py"
Product Name: Laptop, Price: 999.99
Product Name: Smartphone, Price: 799.99
PS C:\Users\ahmed> 





PS C:\Users\ahmed> & C:/Users/ahmed/AppData/Local/Microsoft/WindowsApps/python3.12.exe "c:/Users/ahmed/Desktop/lab tasks/210041258_task3.py"
Brand: BrandZ
Specifications:
  batteryLife: 12 months
  connectivity: Bluetooth
PS C:\Users\ahmed> 




PS C:\Users\ahmed> & C:/Users/ahmed/AppData/Local/Microsoft/WindowsApps/python3.12.exe "c:/Users/ahmed/Desktop/lab tasks/210041258_task4.py"
{
    "store": {
        "name": "Tech Hub",
        "location": {
            "city": "San Francisco",
            "address": {
                "street": "123 Market St",
                "postalCode": "94103"
            }
        },
        "departments": [
            {
                "name": "Electronics",
                "products": [
                    {
                        "id": 201,
                        "name": "Laptop",
                        "brand": "BrandX",
                        "price": 999.99,
                        "specifications": {
                            "processor": "Intel i7",
                            "memory": "16GB",
                            "storage": "512GB SSD"
                        }
                    },
                    {
                        "id": 202,
                        "name": "Smartphone",
                        "brand": "BrandY",
                        "price": 749.99,
                        "specifications": {
                            "screenSize": "6.1 inches",
                            "battery": "4000mAh",
                            "camera": "12MP"
                        }
                    }
                ]
            },
            {
                "name": "Accessories",
                "products": [
                    {
                        "id": 301,
                        "name": "Wireless Mouse",
                        "brand": "BrandZ",
                        "price": 29.99,
                        "specifications": {
                            "batteryLife": "12 months",
                            "connectivity": "Bluetooth"
                        }
                    },
                    {
                        "id": 302,
                        "name": "Keyboard",
                        "brand": "BrandX",
                        "price": 49.99,
                        "specifications": {
                            "layout": "QWERTY",
                            "connectivity": "Wireless"
                        }
                    }
                ]
            }
        ]
    }
}
PS C:\Users\ahmed>



